<?xml version="1.0" encoding="UTF-8"?>
<testng-results skipped="0" failed="1" ignored="0" total="5" passed="4">
  <reporter-output>
  </reporter-output>
  <suite name="Suite" duration-ms="21268" started-at="2021-04-19T09:42:53 IST" finished-at="2021-04-19T09:43:14 IST">
    <groups>
    </groups>
    <test name="Test2" duration-ms="16409" started-at="2021-04-19T09:42:53 IST" finished-at="2021-04-19T09:43:09 IST">
      <class name="Hemanth.verifyNAVBar">
        <test-method status="PASS" signature="intialize()[pri:0, instance:Hemanth.verifyNAVBar@7d3e8655]" name="intialize" is-config="true" duration-ms="15490" started-at="2021-04-19T09:42:53 IST" finished-at="2021-04-19T09:43:08 IST">
          <reporter-output>
          </reporter-output>
        </test-method> <!-- intialize -->
        <test-method status="PASS" signature="navBar()[pri:0, instance:Hemanth.verifyNAVBar@7d3e8655]" name="navBar" duration-ms="81" started-at="2021-04-19T09:43:08 IST" finished-at="2021-04-19T09:43:09 IST">
          <reporter-output>
          </reporter-output>
        </test-method> <!-- navBar -->
        <test-method status="PASS" signature="closeBrowser()[pri:0, instance:Hemanth.verifyNAVBar@7d3e8655]" name="closeBrowser" is-config="true" duration-ms="823" started-at="2021-04-19T09:43:09 IST" finished-at="2021-04-19T09:43:09 IST">
          <reporter-output>
          </reporter-output>
        </test-method> <!-- closeBrowser -->
      </class> <!-- Hemanth.verifyNAVBar -->
    </test> <!-- Test2 -->
    <test name="Test1" duration-ms="16658" started-at="2021-04-19T09:42:53 IST" finished-at="2021-04-19T09:43:10 IST">
      <class name="Hemanth.verifyTitle">
        <test-method status="PASS" signature="intialize()[pri:0, instance:Hemanth.verifyTitle@1b919693]" name="intialize" is-config="true" duration-ms="14832" started-at="2021-04-19T09:42:53 IST" finished-at="2021-04-19T09:43:08 IST">
          <reporter-output>
          </reporter-output>
        </test-method> <!-- intialize -->
        <test-method status="FAIL" signature="title()[pri:0, instance:Hemanth.verifyTitle@1b919693]" name="title" duration-ms="115" started-at="2021-04-19T09:43:08 IST" finished-at="2021-04-19T09:43:08 IST">
          <exception class="java.lang.AssertionError">
            <message>
              <![CDATA[expected [FEATURED COURSE] but found [FEATURED COURSES]]]>
            </message>
            <full-stacktrace>
              <![CDATA[java.lang.AssertionError: expected [FEATURED COURSE] but found [FEATURED COURSES]
at org.testng.Assert.fail(Assert.java:99)
at org.testng.Assert.failNotEquals(Assert.java:1037)
at org.testng.Assert.assertEqualsImpl(Assert.java:140)
at org.testng.Assert.assertEquals(Assert.java:122)
at org.testng.Assert.assertEquals(Assert.java:629)
at org.testng.Assert.assertEquals(Assert.java:639)
at Hemanth.verifyTitle.title(verifyTitle.java:35)
at sun.reflect.NativeMethodAccessorImpl.invoke0(Native Method)
at sun.reflect.NativeMethodAccessorImpl.invoke(NativeMethodAccessorImpl.java:62)
at sun.reflect.DelegatingMethodAccessorImpl.invoke(DelegatingMethodAccessorImpl.java:43)
at java.lang.reflect.Method.invoke(Method.java:498)
at org.testng.internal.MethodInvocationHelper.invokeMethod(MethodInvocationHelper.java:132)
at org.testng.internal.TestInvoker.invokeMethod(TestInvoker.java:599)
at org.testng.internal.TestInvoker.invokeTestMethod(TestInvoker.java:174)
at org.testng.internal.MethodRunner.runInSequence(MethodRunner.java:46)
at org.testng.internal.TestInvoker$MethodInvocationAgent.invoke(TestInvoker.java:822)
at org.testng.internal.TestInvoker.invokeTestMethods(TestInvoker.java:147)
at org.testng.internal.TestMethodWorker.invokeTestMethods(TestMethodWorker.java:146)
at org.testng.internal.TestMethodWorker.run(TestMethodWorker.java:128)
at java.util.ArrayList.forEach(ArrayList.java:1259)
at org.testng.TestRunner.privateRun(TestRunner.java:764)
at org.testng.TestRunner.run(TestRunner.java:585)
at org.testng.SuiteRunner.runTest(SuiteRunner.java:384)
at org.testng.SuiteRunner.access$000(SuiteRunner.java:28)
at org.testng.SuiteRunner$SuiteWorker.run(SuiteRunner.java:425)
at org.testng.internal.thread.ThreadUtil.lambda$execute$0(ThreadUtil.java:66)
at java.util.concurrent.FutureTask.run(FutureTask.java:266)
at java.util.concurrent.ThreadPoolExecutor.runWorker(ThreadPoolExecutor.java:1149)
at java.util.concurrent.ThreadPoolExecutor$Worker.run(ThreadPoolExecutor.java:624)
at java.lang.Thread.run(Thread.java:748)
]]>
            </full-stacktrace>
          </exception> <!-- java.lang.AssertionError -->
          <reporter-output>
          </reporter-output>
        </test-method> <!-- title -->
        <test-method status="PASS" signature="closeBrowser()[pri:0, instance:Hemanth.verifyTitle@1b919693]" name="closeBrowser" is-config="true" duration-ms="830" started-at="2021-04-19T09:43:09 IST" finished-at="2021-04-19T09:43:10 IST">
          <reporter-output>
          </reporter-output>
        </test-method> <!-- closeBrowser -->
      </class> <!-- Hemanth.verifyTitle -->
    </test> <!-- Test1 -->
    <test name="Test3" duration-ms="18982" started-at="2021-04-19T09:42:53 IST" finished-at="2021-04-19T09:43:12 IST">
      <class name="Hemanth.verifyforgotPWD">
        <test-method status="PASS" signature="intialize()[pri:0, instance:Hemanth.verifyforgotPWD@2d0399f4]" name="intialize" is-config="true" duration-ms="16650" started-at="2021-04-19T09:42:53 IST" finished-at="2021-04-19T09:43:10 IST">
          <reporter-output>
          </reporter-output>
        </test-method> <!-- intialize -->
        <test-method status="PASS" signature="title()[pri:0, instance:Hemanth.verifyforgotPWD@2d0399f4]" name="title" duration-ms="1569" started-at="2021-04-19T09:43:10 IST" finished-at="2021-04-19T09:43:11 IST">
          <reporter-output>
          </reporter-output>
        </test-method> <!-- title -->
        <test-method status="PASS" signature="closeBrowser()[pri:0, instance:Hemanth.verifyforgotPWD@2d0399f4]" name="closeBrowser" is-config="true" duration-ms="756" started-at="2021-04-19T09:43:11 IST" finished-at="2021-04-19T09:43:12 IST">
          <reporter-output>
          </reporter-output>
        </test-method> <!-- closeBrowser -->
      </class> <!-- Hemanth.verifyforgotPWD -->
    </test> <!-- Test3 -->
    <test name="Test" duration-ms="21268" started-at="2021-04-19T09:42:53 IST" finished-at="2021-04-19T09:43:14 IST">
      <class name="Hemanth.HomePage">
        <test-method status="PASS" signature="intialize()[pri:0, instance:Hemanth.HomePage@60f00693]" name="intialize" is-config="true" duration-ms="3652" started-at="2021-04-19T09:42:53 IST" finished-at="2021-04-19T09:42:57 IST">
          <reporter-output>
          </reporter-output>
        </test-method> <!-- intialize -->
        <test-method status="PASS" signature="basePageNavigation(java.lang.String, java.lang.String, java.lang.String)[pri:0, instance:Hemanth.HomePage@60f00693]" name="basePageNavigation" duration-ms="14593" started-at="2021-04-19T09:42:57 IST" data-provider="getData" finished-at="2021-04-19T09:43:11 IST">
          <params>
            <param index="0">
              <value>
                <![CDATA[hemanth@gmail.com]]>
              </value>
            </param>
            <param index="1">
              <value>
                <![CDATA[Hemanth]]>
              </value>
            </param>
            <param index="2">
              <value>
                <![CDATA[Hemanth]]>
              </value>
            </param>
          </params>
          <reporter-output>
          </reporter-output>
        </test-method> <!-- basePageNavigation -->
        <test-method status="PASS" signature="basePageNavigation(java.lang.String, java.lang.String, java.lang.String)[pri:0, instance:Hemanth.HomePage@60f00693]" name="basePageNavigation" duration-ms="2330" started-at="2021-04-19T09:43:11 IST" data-provider="getData" finished-at="2021-04-19T09:43:14 IST">
          <params>
            <param index="0">
              <value>
                <![CDATA[ironman@gmail.com]]>
              </value>
            </param>
            <param index="1">
              <value>
                <![CDATA[ironman]]>
              </value>
            </param>
            <param index="2">
              <value>
                <![CDATA[ironman]]>
              </value>
            </param>
          </params>
          <reporter-output>
          </reporter-output>
        </test-method> <!-- basePageNavigation -->
        <test-method status="PASS" signature="closeBrowser()[pri:0, instance:Hemanth.HomePage@60f00693]" name="closeBrowser" is-config="true" duration-ms="647" started-at="2021-04-19T09:43:14 IST" finished-at="2021-04-19T09:43:14 IST">
          <reporter-output>
          </reporter-output>
        </test-method> <!-- closeBrowser -->
      </class> <!-- Hemanth.HomePage -->
    </test> <!-- Test -->
  </suite> <!-- Suite -->
</testng-results>
